

HI-TECH Software PIC LITE Macro Assembler V9.81 build 7503 
                                                                                               Thu Dec 29 19:46:20 2022

HI-TECH Software Omniscient Code Generator (Lite mode) build 7503
     1  0000                     opt subtitle "HI-TECH Software Omniscient Code Generator (Lite mode) build 7503"
     2                           
     3                           opt pagewidth 120
     4                           
     5                           	opt lm
     6                           
     7                           	processor	16F887
     8                           clrc	macro
     9                           	bcf	3,0
    10  0000                     	endm
    11                           clrz	macro
    12                           	bcf	3,2
    13  0000                     	endm
    14                           setc	macro
    15                           	bsf	3,0
    16  0000                     	endm
    17                           setz	macro
    18                           	bsf	3,2
    19  0000                     	endm
    20                           skipc	macro
    21                           	btfss	3,0
    22  0000                     	endm
    23                           skipz	macro
    24                           	btfss	3,2
    25  0000                     	endm
    26                           skipnc	macro
    27                           	btfsc	3,0
    28  0000                     	endm
    29                           skipnz	macro
    30                           	btfsc	3,2
    31  0000                     	endm
    32  0000                     indf	equ	0
    33  0000                     indf0	equ	0
    34  0002                     pc	equ	2
    35  0002                     pcl	equ	2
    36  0003                     status	equ	3
    37  0004                     fsr	equ	4
    38  0004                     fsr0	equ	4
    39  0001                     c	equ	1
    40  0000                     z	equ	0
    41  000A                     pclath	equ	10
    42                           	FNROOT	_main
    43                           	FNCALL	intlevel1,_my_isr
    44                           	global	intlevel1
    45                           	FNROOT	intlevel1
    46                           	global	_c
    47                           	global	_INTCON
    48                           psect	maintext,global,class=CODE,delta=2
    49                           global __pmaintext
    50  0056                     __pmaintext:
    51  000B                     _INTCON	set	11
    52                           	global	_PORTB
    53  0006                     _PORTB	set	6
    54                           	global	_PORTD
    55  0008                     _PORTD	set	8
    56                           	global	_TMR0
    57  0001                     _TMR0	set	1
    58                           	global	_RB0
    59  0030                     _RB0	set	48
    60                           	global	_RBIE
    61  005B                     _RBIE	set	91
    62                           	global	_RBIF
    63  0058                     _RBIF	set	88
    64                           	global	_T0IE
    65  005D                     _T0IE	set	93
    66                           	global	_T0IF
    67  005A                     _T0IF	set	90
    68                           	global	_IOCB
    69  0096                     _IOCB	set	150
    70                           	global	_OPTION_REG
    71  0081                     _OPTION_REG	set	129
    72                           	global	_TRISB
    73  0086                     _TRISB	set	134
    74                           	global	_TRISD
    75  0088                     _TRISD	set	136
    76                           	global	_ANSEL
    77  0188                     _ANSEL	set	392
    78                           	global	_ANSELH
    79  0189                     _ANSELH	set	393
    80                           	file	"Button_20s_Timer.as"
    81                           	line	#
    82                           psect cinit,class=CODE,delta=2
    83                           global start_initialization
    84  007C                     start_initialization:
    85                           
    86                           psect	bssCOMMON,class=COMMON,space=1
    87                           global __pbssCOMMON
    88  0075                     __pbssCOMMON:
    89  0075                     _c:
    90  0075                            ds      2
    91                           
    92                           ; Clear objects allocated to COMMON
    93                           psect cinit,class=CODE,delta=2
    94  007C  01F5               	clrf	((__pbssCOMMON)+0)&07Fh
    95  007D  01F6               	clrf	((__pbssCOMMON)+1)&07Fh
    96                           psect cinit,class=CODE,delta=2
    97                           global end_of_initialization
    98                           
    99                           ;End of C runtime variable initialization code
   100                           
   101  007E                     end_of_initialization:
   102  007E  0183               clrf status
   103  007F  120A  118A  2856   ljmp _main	;jump to C main() function
   104                           psect	cstackCOMMON,class=COMMON,space=1
   105                           global __pcstackCOMMON
   106  0070                     __pcstackCOMMON:
   107                           	global	?_main
   108  0070                     ?_main:	; 0 bytes @ 0x0
   109                           	global	?_my_isr
   110  0070                     ?_my_isr:	; 0 bytes @ 0x0
   111                           	global	??_my_isr
   112  0070                     ??_my_isr:	; 0 bytes @ 0x0
   113  0070                     	ds	5
   114                           	global	??_main
   115  0075                     ??_main:	; 0 bytes @ 0x5
   116 ;;Data sizes: Strings 0, constant 0, data 0, bss 2, persistent 0 stack 0
   117 ;;Auto spaces:   Size  Autos    Used
   118 ;; COMMON          14      5       7
   119 ;; BANK0           80      0       0
   120 ;; BANK1           80      0       0
   121 ;; BANK3           96      0       0
   122 ;; BANK2           96      0       0
   123                           
   124 ;;
   125 ;; Pointer list with targets:
   126                           
   127                           
   128                           
   129 ;;
   130 ;; Critical Paths under _main in COMMON
   131 ;;
   132 ;;   None.
   133 ;;
   134 ;; Critical Paths under _my_isr in COMMON
   135 ;;
   136 ;;   None.
   137 ;;
   138 ;; Critical Paths under _main in BANK0
   139 ;;
   140 ;;   None.
   141 ;;
   142 ;; Critical Paths under _my_isr in BANK0
   143 ;;
   144 ;;   None.
   145 ;;
   146 ;; Critical Paths under _main in BANK1
   147 ;;
   148 ;;   None.
   149 ;;
   150 ;; Critical Paths under _my_isr in BANK1
   151 ;;
   152 ;;   None.
   153 ;;
   154 ;; Critical Paths under _main in BANK3
   155 ;;
   156 ;;   None.
   157 ;;
   158 ;; Critical Paths under _my_isr in BANK3
   159 ;;
   160 ;;   None.
   161 ;;
   162 ;; Critical Paths under _main in BANK2
   163 ;;
   164 ;;   None.
   165 ;;
   166 ;; Critical Paths under _my_isr in BANK2
   167 ;;
   168 ;;   None.
   169                           
   170 ;;
   171 ;;Main: autosize = 0, tempsize = 0, incstack = 0, save=0
   172 ;;
   173                           
   174 ;;
   175 ;;Call Graph Tables:
   176 ;;
   177 ;; ---------------------------------------------------------------------------------
   178 ;; (Depth) Function   	        Calls       Base Space   Used Autos Params    Refs
   179 ;; ---------------------------------------------------------------------------------
   180 ;; (0) _main                                                 0     0      0       0
   181 ;; ---------------------------------------------------------------------------------
   182 ;; Estimated maximum stack depth 0
   183 ;; ---------------------------------------------------------------------------------
   184 ;; (Depth) Function   	        Calls       Base Space   Used Autos Params    Refs
   185 ;; ---------------------------------------------------------------------------------
   186 ;; (1) _my_isr                                               5     5      0       0
   187 ;;                                              0 COMMON     5     5      0
   188 ;; ---------------------------------------------------------------------------------
   189 ;; Estimated maximum stack depth 1
   190 ;; ---------------------------------------------------------------------------------
   191                           
   192 ;; Call Graph Graphs:
   193                           
   194 ;; _main (ROOT)
   195 ;;
   196 ;; _my_isr (ROOT)
   197 ;;
   198                           
   199 ;; Address spaces:
   200                           
   201 ;;Name               Size   Autos  Total    Cost      Usage
   202 ;;BITCOMMON            E      0       0       0        0.0%
   203 ;;EEDATA             100      0       0       0        0.0%
   204 ;;NULL                 0      0       0       0        0.0%
   205 ;;CODE                 0      0       0       0        0.0%
   206 ;;COMMON               E      5       7       1       50.0%
   207 ;;BITSFR0              0      0       0       1        0.0%
   208 ;;SFR0                 0      0       0       1        0.0%
   209 ;;BITSFR1              0      0       0       2        0.0%
   210 ;;SFR1                 0      0       0       2        0.0%
   211 ;;STACK                0      0       0       2        0.0%
   212 ;;ABS                  0      0       7       3        0.0%
   213 ;;BITBANK0            50      0       0       4        0.0%
   214 ;;BITSFR3              0      0       0       4        0.0%
   215 ;;SFR3                 0      0       0       4        0.0%
   216 ;;BANK0               50      0       0       5        0.0%
   217 ;;BITSFR2              0      0       0       5        0.0%
   218 ;;SFR2                 0      0       0       5        0.0%
   219 ;;BITBANK1            50      0       0       6        0.0%
   220 ;;BANK1               50      0       0       7        0.0%
   221 ;;BITBANK3            60      0       0       8        0.0%
   222 ;;BANK3               60      0       0       9        0.0%
   223 ;;BITBANK2            60      0       0      10        0.0%
   224 ;;BANK2               60      0       0      11        0.0%
   225 ;;DATA                 0      0       7      12        0.0%
   226                           
   227                           	global	_main
   228                           psect	maintext
   229                           
   230 ;; *************** function _main *****************
   231 ;; Defined at:
   232 ;;		line 55 in file "E:\UNIVERSITATE\Master\Anul 1, Semetrul1\AHSCTCM\Proiect_final\MPLAB simulation\Button_20s_Timer.c"
   233 ;; Parameters:    Size  Location     Type
   234 ;;		None
   235 ;; Auto vars:     Size  Location     Type
   236 ;;		None
   237 ;; Return value:  Size  Location     Type
   238 ;;		None               void
   239 ;; Registers used:
   240 ;;		wreg, status,2
   241 ;; Tracked objects:
   242 ;;		On entry : 17F/0
   243 ;;		On exit  : 0/0
   244 ;;		Unchanged: 0/0
   245 ;; Data sizes:     COMMON   BANK0   BANK1   BANK3   BANK2
   246 ;;      Params:         0       0       0       0       0
   247 ;;      Locals:         0       0       0       0       0
   248 ;;      Temps:          0       0       0       0       0
   249 ;;      Totals:         0       0       0       0       0
   250 ;;Total ram usage:        0 bytes
   251 ;; Hardware stack levels required when called:    1
   252 ;; This function calls:
   253 ;;		Nothing
   254 ;; This function is called by:
   255 ;;		Startup code after reset
   256 ;; This function uses a non-reentrant model
   257 ;;
   258                           psect	maintext
   259                           	file	"E:\UNIVERSITATE\Master\Anul 1, Semetrul1\AHSCTCM\Proiect_final\MPLAB simulation\B
                                 utton_20s_Timer.c"
   260                           	line	55
   261                           	global	__size_of_main
   262  0026                     	__size_of_main	equ	__end_of_main-_main
   263                           	
   264  0056                     _main:	
   265                           	opt	stack 7
   266                           ; Regs used in _main: [wreg+status,2]
   267                           	line	56
   268                           	
   269  0056                     l1405:	
   270                           ;Button_20s_Timer.c: 56: TRISB = 0b00000001;
   271  0056  3001               	movlw	(01h)
   272  0057  1683               	bsf	status, 5	;RP0=1, select bank1
   273  0058  1303               	bcf	status, 6	;RP1=0, select bank1
   274  0059  0086               	movwf	(134)^080h	;volatile
   275                           	line	57
   276                           	
   277  005A                     l1407:	
   278                           ;Button_20s_Timer.c: 57: PORTB = 0b00000000;
   279  005A  1283               	bcf	status, 5	;RP0=0, select bank0
   280  005B  1303               	bcf	status, 6	;RP1=0, select bank0
   281  005C  0186               	clrf	(6)	;volatile
   282                           	line	58
   283                           	
   284  005D                     l1409:	
   285                           ;Button_20s_Timer.c: 58: TRISD = 0b00000000;
   286  005D  1683               	bsf	status, 5	;RP0=1, select bank1
   287  005E  1303               	bcf	status, 6	;RP1=0, select bank1
   288  005F  0188               	clrf	(136)^080h	;volatile
   289                           	line	59
   290                           	
   291  0060                     l1411:	
   292                           ;Button_20s_Timer.c: 59: PORTD = 0b00000000;
   293  0060  1283               	bcf	status, 5	;RP0=0, select bank0
   294  0061  1303               	bcf	status, 6	;RP1=0, select bank0
   295  0062  0188               	clrf	(8)	;volatile
   296                           	line	60
   297                           	
   298  0063                     l1413:	
   299                           ;Button_20s_Timer.c: 60: ANSEL = 0;
   300  0063  1683               	bsf	status, 5	;RP0=1, select bank3
   301  0064  1703               	bsf	status, 6	;RP1=1, select bank3
   302  0065  0188               	clrf	(392)^0180h	;volatile
   303                           	line	61
   304                           	
   305  0066                     l1415:	
   306                           ;Button_20s_Timer.c: 61: ANSELH = 0;
   307  0066  0189               	clrf	(393)^0180h	;volatile
   308                           	line	62
   309                           ;Button_20s_Timer.c: 62: OPTION_REG = OPTION_REG & 0b11010110;
   310  0067  1683               	bsf	status, 5	;RP0=1, select bank1
   311  0068  1303               	bcf	status, 6	;RP1=0, select bank1
   312  0069  0801               	movf	(129)^080h,w
   313  006A  39D6               	andlw	0D6h
   314  006B  0081               	movwf	(129)^080h	;volatile
   315                           	line	63
   316                           ;Button_20s_Timer.c: 63: OPTION_REG = OPTION_REG | 0b00000110;
   317  006C  0801               	movf	(129)^080h,w	;volatile
   318  006D  3806               	iorlw	06h
   319  006E  0081               	movwf	(129)^080h	;volatile
   320                           	line	64
   321                           ;Button_20s_Timer.c: 64: INTCON = INTCON | 0b10001001;
   322  006F  080B               	movf	(11),w	;volatile
   323  0070  3889               	iorlw	089h
   324  0071  008B               	movwf	(11)	;volatile
   325                           	line	65
   326                           ;Button_20s_Timer.c: 65: INTCON = INTCON & 0b10001001;
   327  0072  080B               	movf	(11),w
   328  0073  3989               	andlw	089h
   329  0074  008B               	movwf	(11)	;volatile
   330                           	line	66
   331                           	
   332  0075                     l1417:	
   333                           ;Button_20s_Timer.c: 66: IOCB = 0b00000001;
   334  0075  3001               	movlw	(01h)
   335  0076  0096               	movwf	(150)^080h	;volatile
   336  0077  2878               	goto	l1028
   337                           	line	67
   338                           ;Button_20s_Timer.c: 67: while(1)
   339                           	
   340  0078                     l1027:	
   341                           	line	71
   342                           ;Button_20s_Timer.c: 68: {
   343                           	
   344  0078                     l1028:	
   345                           	line	67
   346  0078  2878               	goto	l1028
   347                           	
   348  0079                     l1029:	
   349                           	line	72
   350                           	
   351  0079                     l1030:	
   352                           	global	start
   353  0079  120A  118A  2812   	ljmp	start
   354                           	opt stack 0
   355                           GLOBAL	__end_of_main
   356  007C                     	__end_of_main:
   357 ;; =============== function _main ends ============
   358                           
   359                           	signat	_main,88
   360                           	global	_my_isr
   361                           psect	text55,local,class=CODE,delta=2
   362                           global __ptext55
   363  0015                     __ptext55:
   364                           
   365 ;; *************** function _my_isr *****************
   366 ;; Defined at:
   367 ;;		line 74 in file "E:\UNIVERSITATE\Master\Anul 1, Semetrul1\AHSCTCM\Proiect_final\MPLAB simulation\Button_20s_Timer.c"
   368 ;; Parameters:    Size  Location     Type
   369 ;;		None
   370 ;; Auto vars:     Size  Location     Type
   371 ;;		None
   372 ;; Return value:  Size  Location     Type
   373 ;;		None               void
   374 ;; Registers used:
   375 ;;		wreg, status,2, status,0
   376 ;; Tracked objects:
   377 ;;		On entry : 0/0
   378 ;;		On exit  : 0/0
   379 ;;		Unchanged: 0/0
   380 ;; Data sizes:     COMMON   BANK0   BANK1   BANK3   BANK2
   381 ;;      Params:         0       0       0       0       0
   382 ;;      Locals:         0       0       0       0       0
   383 ;;      Temps:          5       0       0       0       0
   384 ;;      Totals:         5       0       0       0       0
   385 ;;Total ram usage:        5 bytes
   386 ;; Hardware stack levels used:    1
   387 ;; This function calls:
   388 ;;		Nothing
   389 ;; This function is called by:
   390 ;;		Interrupt level 1
   391 ;; This function uses a non-reentrant model
   392 ;;
   393                           psect	text55
   394                           	file	"E:\UNIVERSITATE\Master\Anul 1, Semetrul1\AHSCTCM\Proiect_final\MPLAB simulation\B
                                 utton_20s_Timer.c"
   395                           	line	74
   396                           	global	__size_of_my_isr
   397  0041                     	__size_of_my_isr	equ	__end_of_my_isr-_my_isr
   398                           	
   399  0015                     _my_isr:	
   400                           	opt	stack 7
   401                           ; Regs used in _my_isr: [wreg+status,2+status,0]
   402                           psect	intentry,class=CODE,delta=2
   403                           global __pintentry
   404  0004                     __pintentry:
   405                           global interrupt_function
   406  0004                     interrupt_function:
   407                           	global saved_w
   408  007E                     	saved_w	set	btemp+0
   409  0004  00FE               	movwf	saved_w
   410  0005  0E03               	swapf	status,w
   411  0006  00F1               	movwf	(??_my_isr+1)
   412  0007  0804               	movf	fsr0,w
   413  0008  00F2               	movwf	(??_my_isr+2)
   414  0009  080A               	movf	pclath,w
   415  000A  00F3               	movwf	(??_my_isr+3)
   416  000B  1283               	bcf	status, 5	;RP0=0, select bank0
   417  000C  1303               	bcf	status, 6	;RP1=0, select bank0
   418  000D  087F               	movf	btemp+1,w
   419  000E  00F4               	movwf	(??_my_isr+4)
   420  000F  120A  118A  2815   	ljmp	_my_isr
   421                           psect	text55
   422                           	line	75
   423                           	
   424  0015                     i1l1419:	
   425                           ;Button_20s_Timer.c: 75: if (RBIF == 1 && RBIE == 1 && RB0==1)
   426  0015  1C0B               	btfss	(88/8),(88)&7
   427  0016  2818               	goto	u1_21
   428  0017  2819               	goto	u1_20
   429  0018                     u1_21:
   430  0018  2827               	goto	i1l1433
   431  0019                     u1_20:
   432                           	
   433  0019                     i1l1421:	
   434  0019  1D8B               	btfss	(91/8),(91)&7
   435  001A  281C               	goto	u2_21
   436  001B  281D               	goto	u2_20
   437  001C                     u2_21:
   438  001C  2827               	goto	i1l1433
   439  001D                     u2_20:
   440                           	
   441  001D                     i1l1423:	
   442  001D  1C06               	btfss	(48/8),(48)&7
   443  001E  2820               	goto	u3_21
   444  001F  2821               	goto	u3_20
   445  0020                     u3_21:
   446  0020  2827               	goto	i1l1433
   447  0021                     u3_20:
   448                           	line	77
   449                           	
   450  0021                     i1l1425:	
   451                           ;Button_20s_Timer.c: 76: {
   452                           ;Button_20s_Timer.c: 77: RBIE = 0;
   453  0021  118B               	bcf	(91/8),(91)&7
   454                           	line	78
   455                           	
   456  0022                     i1l1427:	
   457                           ;Button_20s_Timer.c: 78: PORTD = 1;
   458  0022  3001               	movlw	(01h)
   459  0023  0088               	movwf	(8)	;volatile
   460                           	line	79
   461                           	
   462  0024                     i1l1429:	
   463                           ;Button_20s_Timer.c: 79: T0IE = 1;
   464  0024  168B               	bsf	(93/8),(93)&7
   465                           	line	80
   466                           	
   467  0025                     i1l1431:	
   468                           ;Button_20s_Timer.c: 80: RBIF = 0;
   469  0025  100B               	bcf	(88/8),(88)&7
   470  0026  2827               	goto	i1l1433
   471                           	line	81
   472                           	
   473  0027                     i1l1033:	
   474                           	line	82
   475                           	
   476  0027                     i1l1433:	
   477                           ;Button_20s_Timer.c: 81: }
   478                           ;Button_20s_Timer.c: 82: if (T0IF == 1 && T0IE == 1)
   479  0027  1D0B               	btfss	(90/8),(90)&7
   480  0028  282A               	goto	u4_21
   481  0029  282B               	goto	u4_20
   482  002A                     u4_21:
   483  002A  284B               	goto	i1l1036
   484  002B                     u4_20:
   485                           	
   486  002B                     i1l1435:	
   487  002B  1E8B               	btfss	(93/8),(93)&7
   488  002C  282E               	goto	u5_21
   489  002D  282F               	goto	u5_20
   490  002E                     u5_21:
   491  002E  284B               	goto	i1l1036
   492  002F                     u5_20:
   493                           	line	84
   494                           	
   495  002F                     i1l1437:	
   496                           ;Button_20s_Timer.c: 83: {
   497                           ;Button_20s_Timer.c: 84: c++;
   498  002F  3001               	movlw	low(01h)
   499  0030  07F5               	addwf	(_c),f
   500  0031  1803               	skipnc
   501  0032  0AF6               	incf	(_c+1),f
   502  0033  3000               	movlw	high(01h)
   503  0034  07F6               	addwf	(_c+1),f
   504                           	line	85
   505                           	
   506  0035                     i1l1439:	
   507                           ;Button_20s_Timer.c: 85: TMR0 += 6;
   508  0035  3006               	movlw	(06h)
   509  0036  00F0               	movwf	(??_my_isr+0)+0
   510  0037  0870               	movf	(??_my_isr+0)+0,w
   511  0038  0781               	addwf	(1),f	;volatile
   512                           	line	86
   513                           	
   514  0039                     i1l1441:	
   515                           ;Button_20s_Timer.c: 86: if(c == 625)
   516  0039  3002               	movlw	high(0271h)
   517  003A  0676               	xorwf	(_c+1),w
   518  003B  1D03               	skipz
   519  003C  283F               	goto	u6_25
   520  003D  3071               	movlw	low(0271h)
   521  003E  0675               	xorwf	(_c),w
   522  003F                     u6_25:
   523                           
   524  003F  1D03               	skipz
   525  0040  2842               	goto	u6_21
   526  0041  2843               	goto	u6_20
   527  0042                     u6_21:
   528  0042  2849               	goto	i1l1449
   529  0043                     u6_20:
   530                           	line	88
   531                           	
   532  0043                     i1l1443:	
   533                           ;Button_20s_Timer.c: 87: {
   534                           ;Button_20s_Timer.c: 88: c = 0;
   535  0043  01F5               	clrf	(_c)
   536  0044  01F6               	clrf	(_c+1)
   537                           	line	89
   538                           ;Button_20s_Timer.c: 89: PORTD = 0;
   539  0045  0188               	clrf	(8)	;volatile
   540                           	line	90
   541                           	
   542  0046                     i1l1445:	
   543                           ;Button_20s_Timer.c: 90: RBIE = 1;
   544  0046  158B               	bsf	(91/8),(91)&7
   545                           	line	91
   546                           	
   547  0047                     i1l1447:	
   548                           ;Button_20s_Timer.c: 91: T0IE = 0;
   549  0047  128B               	bcf	(93/8),(93)&7
   550  0048  2849               	goto	i1l1449
   551                           	line	92
   552                           	
   553  0049                     i1l1035:	
   554                           	line	93
   555                           	
   556  0049                     i1l1449:	
   557                           ;Button_20s_Timer.c: 92: }
   558                           ;Button_20s_Timer.c: 93: T0IF = 0;
   559  0049  110B               	bcf	(90/8),(90)&7
   560  004A  284B               	goto	i1l1036
   561                           	line	94
   562                           	
   563  004B                     i1l1034:	
   564                           	line	95
   565                           	
   566  004B                     i1l1036:	
   567  004B  0874               	movf	(??_my_isr+4),w
   568  004C  00FF               	movwf	btemp+1
   569  004D  0873               	movf	(??_my_isr+3),w
   570  004E  008A               	movwf	pclath
   571  004F  0872               	movf	(??_my_isr+2),w
   572  0050  0084               	movwf	fsr0
   573  0051  0E71               	swapf	(??_my_isr+1)^0FFFFFF80h,w
   574  0052  0083               	movwf	status
   575  0053  0EFE               	swapf	saved_w,f
   576  0054  0E7E               	swapf	saved_w,w
   577  0055  0009               	retfie
   578                           	opt stack 0
   579                           GLOBAL	__end_of_my_isr
   580  0056                     	__end_of_my_isr:
   581 ;; =============== function _my_isr ends ============
   582                           
   583                           	signat	_my_isr,88
   584                           psect	text56,local,class=CODE,delta=2
   585                           global __ptext56
   586  0000                     __ptext56:
   587                           	global	btemp
   588  007E                     	btemp set 07Eh
   589                           
   590                           	DABS	1,126,2	;btemp
   591                           	global	wtemp0
   592  007E                     	wtemp0 set btemp


HI-TECH Software PICC Macro Assembler V9.81 build 7503 
Symbol Table                                                                                   Thu Dec 29 19:46:20 2022

                   _c 0075                   _RB0 0030                   fsr0 0004                  l1030 0079  
                l1027 0078                  l1028 0078                  l1029 0079                  l1411 0060  
                l1413 0063                  l1405 0056                  l1415 0066                  l1407 005A  
                l1417 0075                  l1409 005D                  _T0IE 005D                  _T0IF 005A  
                _IOCB 0096                  _RBIE 005B                  _RBIF 0058                  _TMR0 0001  
                u1_20 0019                  u1_21 0018                  u2_20 001D                  u2_21 001C  
                u3_20 0021                  u3_21 0020                  u4_20 002B                  u4_21 002A  
                u5_20 002F                  u5_21 002E                  u6_20 0043                  u6_21 0042  
                u6_25 003F                  _main 0056                  btemp 007E                  start 0012  
               ?_main 0070                 _ANSEL 0188                 _PORTB 0006                 _PORTD 0008  
               _TRISB 0086                 _TRISD 0088                 pclath 000A                 status 0003  
               wtemp0 007E          __end_of_main 007C                ??_main 0075                _ANSELH 0189  
              i1l1033 0027                i1l1034 004B                i1l1035 0049                i1l1036 004B  
              i1l1421 0019                i1l1431 0025                i1l1423 001D                i1l1441 0039  
              i1l1425 0021                i1l1433 0027                i1l1443 0043                i1l1435 002B  
              i1l1427 0022                i1l1419 0015                i1l1445 0046                i1l1437 002F  
              i1l1429 0024                i1l1447 0047                i1l1439 0035                i1l1449 0049  
              _INTCON 000B                _my_isr 0015                saved_w 007E        __pcstackCOMMON 0070  
          __pmaintext 0056            __pintentry 0004               ?_my_isr 0070       __size_of_my_isr 0041  
end_of_initialization 007E        __end_of_my_isr 0056   start_initialization 007C              ??_my_isr 0070  
         __pbssCOMMON 0075     interrupt_function 0004              __ptext55 0015              __ptext56 0000  
       __size_of_main 0026              intlevel1 0000            _OPTION_REG 0081  
